<?xml version="1.0" encoding="UTF-8"?>
<testsuite name="SumCalculatorTest" tests="3" skipped="0" failures="0" errors="0" timestamp="2023-01-03T22:33:39" hostname="MacBook-Radmila.local" time="0.162">
  <properties/>
  <testcase name="sumTest1()" classname="SumCalculatorTest" time="0.08"/>
  <testcase name="sumTest2()" classname="SumCalculatorTest" time="0.053"/>
  <testcase name="testThatExceptionsInSumMethodWorksOk()" classname="SumCalculatorTest" time="0.01"/>
  <system-out><![CDATA[]]></system-out>
  <system-err><![CDATA[]]></system-err>
</testsuite>
